[W 00:56:21.224 NotebookApp] Error loading server extension jupyterlab
    Traceback (most recent call last):
      File "/home/gmpark/anaconda3/lib/python3.7/site-packages/notebook/notebookapp.py", line 2027, in init_server_extensions
        mod = importlib.import_module(modulename)
      File "/home/gmpark/anaconda3/lib/python3.7/importlib/__init__.py", line 127, in import_module
        return _bootstrap._gcd_import(name[level:], package, level)
      File "<frozen importlib._bootstrap>", line 1006, in _gcd_import
      File "<frozen importlib._bootstrap>", line 983, in _find_and_load
      File "<frozen importlib._bootstrap>", line 965, in _find_and_load_unlocked
    ModuleNotFoundError: No module named 'jupyterlab'
[I 00:56:21.239 NotebookApp] Serving notebooks from local directory: /home/gmpark/multimodal/HighlightDetection_2020/CIKM/chat
[I 00:56:21.239 NotebookApp] Jupyter Notebook 6.4.6 is running at:
[I 00:56:21.239 NotebookApp] http://localhost:8888/?token=209fa692b75245de697422b82e48a0c4e47f8b5df08d689e
[I 00:56:21.240 NotebookApp]  or http://127.0.0.1:8888/?token=209fa692b75245de697422b82e48a0c4e47f8b5df08d689e
[I 00:56:21.240 NotebookApp] Use Control-C to stop this server and shut down all kernels (twice to skip confirmation).
[C 00:56:21.262 NotebookApp] 
    
    To access the notebook, open this file in a browser:
        file:///home/gmpark/.local/share/jupyter/runtime/nbserver-24754-open.html
    Or copy and paste one of these URLs:
        http://localhost:8888/?token=209fa692b75245de697422b82e48a0c4e47f8b5df08d689e
     or http://127.0.0.1:8888/?token=209fa692b75245de697422b82e48a0c4e47f8b5df08d689e
Error when invoking the open external command: Error in response: Unable to parse response as JSON: 
[I 00:56:25.451 NotebookApp] 302 GET / (127.0.0.1) 1.470000ms
[C 00:57:38.390 NotebookApp] received signal 15, stopping
[I 00:57:38.391 NotebookApp] Shutting down 0 kernels
[I 00:57:38.391 NotebookApp] Shutting down 0 terminals
